AndroidApp/app/build/intermediates/manifest_merge_blame_file/debug/manifest-merger-blame-debug-report.txt
1<?xml version="1.0" encoding="utf-8"?>
2<manifest xmlns:android="http://schemas.android.com/apk/res/android"
3    package="com.e.yorizori"
4    android:versionCode="1"
5    android:versionName="1.0" >
6
7    <uses-sdk
8        android:minSdkVersion="15"
8-->src\main\AndroidManifest.xml
9        android:targetSdkVersion="29" />
9-->src\main\AndroidManifest.xml
10
11    <application
11-->src\main\AndroidManifest.xml:5:5-22:19
12        android:allowBackup="true"
12-->src\main\AndroidManifest.xml:6:9-35
13        android:appComponentFactory="androidx.core.app.CoreComponentFactory"
13-->[androidx.core:core:1.1.0] AndroidManifest.xml:24:18-86
14        android:debuggable="true"
15        android:icon="@mipmap/ic_launcher"
15-->src\main\AndroidManifest.xml:7:9-43
16        android:label="@string/app_name"
16-->src\main\AndroidManifest.xml:8:9-41
17        android:roundIcon="@mipmap/ic_launcher_round"
17-->src\main\AndroidManifest.xml:9:9-54
18        android:supportsRtl="true"
18-->src\main\AndroidManifest.xml:10:9-35
19        android:testOnly="true"
20        android:theme="@style/AppTheme" >
20-->src\main\AndroidManifest.xml:11:9-40
21        <activity android:name="com.e.yorizori.CalendarSet" />
21-->src\main\AndroidManifest.xml:12:9-48
21-->src\main\AndroidManifest.xml:12:19-46
22        <activity android:name="com.e.yorizori.OpeningActivity" >
22-->src\main\AndroidManifest.xml:13:9-18:20
22-->src\main\AndroidManifest.xml:13:19-50
23            <intent-filter>
23-->src\main\AndroidManifest.xml:14:13-17:29
24                <action android:name="android.intent.action.MAIN" />
24-->src\main\AndroidManifest.xml:15:17-69
24-->src\main\AndroidManifest.xml:15:25-66
25
26                <category android:name="android.intent.category.LAUNCHER" />
26-->src\main\AndroidManifest.xml:16:17-77
26-->src\main\AndroidManifest.xml:16:27-74
27            </intent-filter>
28        </activity>
29        <!-- for the result of real-time search in the checklist -->
30        <activity
30-->src\main\AndroidManifest.xml:20:9-21:57
31            android:name="com.e.yorizori.HomeActivity"
31-->src\main\AndroidManifest.xml:20:19-47
32            android:windowSoftInputMode="adjustResize" />
32-->src\main\AndroidManifest.xml:21:13-55
33    </application>
34
35</manifest>